# JRE version: OpenJDK Runtime Environment Microsoft-8035250 (11.0.20+8) (build 11.0.20+8-LTS)
# Java VM: OpenJDK 64-Bit Server VM Microsoft-8035250 (11.0.20+8-LTS, mixed mode, tiered, compressed oops, g1 gc, windows-amd64)
Heap:
 garbage-first heap   total 260096K, used 218102K [0x0000000080000000, 0x0000000100000000)
  region size 1024K, 10 young (10240K), 2 survivors (2048K)
 Metaspace       used 115502K, capacity 119997K, committed 120148K, reserved 620544K
  class space    used 15104K, capacity 16905K, committed 16972K, reserved 516096K
GC Heap History (20 events):
Event: 230.919 GC heap before
{Heap before GC invocations=34 (full 0):
 garbage-first heap   total 260096K, used 214372K [0x0000000080000000, 0x0000000100000000)
  region size 1024K, 35 young (35840K), 4 survivors (4096K)
 Metaspace       used 112411K, capacity 116725K, committed 116948K, reserved 618496K
  class space    used 14781K, capacity 16465K, committed 16588K, reserved 516096K
}
Event: 230.935 GC heap after
{Heap after GC invocations=35 (full 0):
 garbage-first heap   total 260096K, used 187680K [0x0000000080000000, 0x0000000100000000)
  region size 1024K, 5 young (5120K), 5 survivors (5120K)
 Metaspace       used 112411K, capacity 116725K, committed 116948K, reserved 618496K
  class space    used 14781K, capacity 16465K, committed 16588K, reserved 516096K
}
Event: 232.982 GC heap before
{Heap before GC invocations=35 (full 0):
 garbage-first heap   total 260096K, used 216352K [0x0000000080000000, 0x0000000100000000)
  region size 1024K, 33 young (33792K), 5 survivors (5120K)
 Metaspace       used 112611K, capacity 117002K, committed 117204K, reserved 618496K
  class space    used 14790K, capacity 16468K, committed 16588K, reserved 516096K
}
Event: 232.998 GC heap after
{Heap after GC invocations=36 (full 0):
 garbage-first heap   total 260096K, used 193126K [0x0000000080000000, 0x0000000100000000)
  region size 1024K, 5 young (5120K), 5 survivors (5120K)
 Metaspace       used 112611K, capacity 117002K, committed 117204K, reserved 618496K
  class space    used 14790K, capacity 16468K, committed 16588K, reserved 516096K
}
Event: 234.146 GC heap before
{Heap before GC invocations=37 (full 0):
 garbage-first heap   total 260096K, used 219750K [0x0000000080000000, 0x0000000100000000)
  region size 1024K, 31 young (31744K), 5 survivors (5120K)
 Metaspace       used 113847K, capacity 118244K, committed 118612K, reserved 618496K
  class space    used 14907K, capacity 16600K, committed 16716K, reserved 516096K
}
Event: 234.158 GC heap after
{Heap after GC invocations=38 (full 0):
 garbage-first heap   total 260096K, used 196915K [0x0000000080000000, 0x0000000100000000)
  region size 1024K, 4 young (4096K), 4 survivors (4096K)
 Metaspace       used 113847K, capacity 118244K, committed 118612K, reserved 618496K
  class space    used 14907K, capacity 16600K, committed 16716K, reserved 516096K
}
Event: 234.693 GC heap before
{Heap before GC invocations=38 (full 0):
 garbage-first heap   total 260096K, used 221491K [0x0000000080000000, 0x0000000100000000)
  region size 1024K, 28 young (28672K), 4 survivors (4096K)
 Metaspace       used 114506K, capacity 118912K, committed 119124K, reserved 620544K
  class space    used 14990K, capacity 16709K, committed 16716K, reserved 516096K
}
Event: 234.709 GC heap after
{Heap after GC invocations=39 (full 0):
 garbage-first heap   total 260096K, used 200102K [0x0000000080000000, 0x0000000100000000)
  region size 1024K, 4 young (4096K), 4 survivors (4096K)
 Metaspace       used 114506K, capacity 118912K, committed 119124K, reserved 620544K
  class space    used 14990K, capacity 16709K, committed 16716K, reserved 516096K
}
Event: 237.031 GC heap before
{Heap before GC invocations=40 (full 0):
 garbage-first heap   total 260096K, used 221606K [0x0000000080000000, 0x0000000100000000)
  region size 1024K, 26 young (26624K), 4 survivors (4096K)
 Metaspace       used 115006K, capacity 119490K, committed 119508K, reserved 620544K
  class space    used 15044K, capacity 16829K, committed 16844K, reserved 516096K
}
Event: 237.041 GC heap after
{Heap after GC invocations=41 (full 0):
 garbage-first heap   total 260096K, used 202439K [0x0000000080000000, 0x0000000100000000)
  region size 1024K, 3 young (3072K), 3 survivors (3072K)
 Metaspace       used 115006K, capacity 119490K, committed 119508K, reserved 620544K
  class space    used 15044K, capacity 16829K, committed 16844K, reserved 516096K
}
Event: 239.213 GC heap before
{Heap before GC invocations=41 (full 0):
 garbage-first heap   total 260096K, used 222919K [0x0000000080000000, 0x0000000100000000)
  region size 1024K, 24 young (24576K), 3 survivors (3072K)
 Metaspace       used 115238K, capacity 119755K, committed 119892K, reserved 620544K
  class space    used 15066K, capacity 16850K, committed 16972K, reserved 516096K
}
Event: 239.222 GC heap after
{Heap after GC invocations=42 (full 0):
 garbage-first heap   total 260096K, used 203589K [0x0000000080000000, 0x0000000100000000)
  region size 1024K, 2 young (2048K), 2 survivors (2048K)
 Metaspace       used 115238K, capacity 119755K, committed 119892K, reserved 620544K
  class space    used 15066K, capacity 16850K, committed 16972K, reserved 516096K
}
Event: 246.746 GC heap before
{Heap before GC invocations=43 (full 0):
 garbage-first heap   total 260096K, used 225093K [0x0000000080000000, 0x0000000100000000)
  region size 1024K, 23 young (23552K), 2 survivors (2048K)
 Metaspace       used 115501K, capacity 119997K, committed 120148K, reserved 620544K
  class space    used 15104K, capacity 16905K, committed 16972K, reserved 516096K
}
Event: 246.754 GC heap after
{Heap after GC invocations=44 (full 0):
 garbage-first heap   total 260096K, used 205268K [0x0000000080000000, 0x0000000100000000)
  region size 1024K, 3 young (3072K), 3 survivors (3072K)
 Metaspace       used 115501K, capacity 119997K, committed 120148K, reserved 620544K
  class space    used 15104K, capacity 16905K, committed 16972K, reserved 516096K
}
Event: 249.616 GC heap before
{Heap before GC invocations=44 (full 0):
 garbage-first heap   total 260096K, used 226772K [0x0000000080000000, 0x0000000100000000)
  region size 1024K, 24 young (24576K), 3 survivors (3072K)
 Metaspace       used 115501K, capacity 119997K, committed 120148K, reserved 620544K
  class space    used 15104K, capacity 16905K, committed 16972K, reserved 516096K
}
Event: 249.627 GC heap after
{Heap after GC invocations=45 (full 0):
 garbage-first heap   total 260096K, used 207890K [0x0000000080000000, 0x0000000100000000)
  region size 1024K, 3 young (3072K), 3 survivors (3072K)
 Metaspace       used 115501K, capacity 119997K, committed 120148K, reserved 620544K
  class space    used 15104K, capacity 16905K, committed 16972K, reserved 516096K
}
Event: 252.828 GC heap before
{Heap before GC invocations=46 (full 0):
 garbage-first heap   total 260096K, used 226322K [0x0000000080000000, 0x0000000100000000)
  region size 1024K, 21 young (21504K), 3 survivors (3072K)
 Metaspace       used 115501K, capacity 119997K, committed 120148K, reserved 620544K
  class space    used 15104K, capacity 16905K, committed 16972K, reserved 516096K
}
Event: 252.837 GC heap after
{Heap after GC invocations=47 (full 0):
 garbage-first heap   total 260096K, used 210835K [0x0000000080000000, 0x0000000100000000)
  region size 1024K, 3 young (3072K), 3 survivors (3072K)
 Metaspace       used 115501K, capacity 119997K, committed 120148K, reserved 620544K
  class space    used 15104K, capacity 16905K, committed 16972K, reserved 516096K
}
Event: 253.762 GC heap before
{Heap before GC invocations=47 (full 0):
 garbage-first heap   total 260096K, used 220051K [0x0000000080000000, 0x0000000100000000)
  region size 1024K, 12 young (12288K), 3 survivors (3072K)
 Metaspace       used 115501K, capacity 119997K, committed 120148K, reserved 620544K
  class space    used 15104K, capacity 16905K, committed 16972K, reserved 516096K
}
Event: 253.769 GC heap after
{Heap after GC invocations=48 (full 0):
 garbage-first heap   total 260096K, used 210934K [0x0000000080000000, 0x0000000100000000)
  region size 1024K, 2 young (2048K), 2 survivors (2048K)
 Metaspace       used 115501K, capacity 119997K, committed 120148K, reserved 620544K
  class space    used 15104K, capacity 16905K, committed 16972K, reserved 516096K
}

