# JRE version: OpenJDK Runtime Environment Microsoft-8035250 (11.0.20+8) (build 11.0.20+8-LTS)
# Java VM: OpenJDK 64-Bit Server VM Microsoft-8035250 (11.0.20+8-LTS, mixed mode, tiered, compressed oops, g1 gc, windows-amd64)
Heap:
 garbage-first heap   total 260096K, used 244459K [0x0000000080000000, 0x0000000100000000)
  region size 1024K, 9 young (9216K), 2 survivors (2048K)
 Metaspace       used 121828K, capacity 126987K, committed 127272K, reserved 626688K
  class space    used 15794K, capacity 17742K, committed 17880K, reserved 516096K
GC Heap History (20 events):
Event: 503.020 GC heap before
{Heap before GC invocations=92 (full 0):
 garbage-first heap   total 260096K, used 243146K [0x0000000080000000, 0x0000000100000000)
  region size 1024K, 12 young (12288K), 2 survivors (2048K)
 Metaspace       used 120331K, capacity 125538K, committed 125736K, reserved 624640K
  class space    used 15619K, capacity 17560K, committed 17624K, reserved 516096K
}
Event: 503.025 GC heap after
{Heap after GC invocations=93 (full 0):
 garbage-first heap   total 260096K, used 231271K [0x0000000080000000, 0x0000000100000000)
  region size 1024K, 2 young (2048K), 2 survivors (2048K)
 Metaspace       used 120331K, capacity 125538K, committed 125736K, reserved 624640K
  class space    used 15619K, capacity 17560K, committed 17624K, reserved 516096K
}
Event: 504.906 GC heap before
{Heap before GC invocations=93 (full 0):
 garbage-first heap   total 260096K, used 240487K [0x0000000080000000, 0x0000000100000000)
  region size 1024K, 12 young (12288K), 2 survivors (2048K)
 Metaspace       used 120357K, capacity 125545K, committed 125736K, reserved 624640K
  class space    used 15620K, capacity 17560K, committed 17624K, reserved 516096K
}
Event: 504.912 GC heap after
{Heap after GC invocations=94 (full 0):
 garbage-first heap   total 260096K, used 232028K [0x0000000080000000, 0x0000000100000000)
  region size 1024K, 1 young (1024K), 1 survivors (1024K)
 Metaspace       used 120357K, capacity 125545K, committed 125736K, reserved 624640K
  class space    used 15620K, capacity 17560K, committed 17624K, reserved 516096K
}
Event: 506.071 GC heap before
{Heap before GC invocations=95 (full 0):
 garbage-first heap   total 260096K, used 246364K [0x0000000080000000, 0x0000000100000000)
  region size 1024K, 12 young (12288K), 1 survivors (1024K)
 Metaspace       used 120476K, capacity 125759K, committed 125992K, reserved 624640K
  class space    used 15634K, capacity 17575K, committed 17624K, reserved 516096K
}
Event: 506.076 GC heap after
{Heap after GC invocations=96 (full 0):
 garbage-first heap   total 260096K, used 237553K [0x0000000080000000, 0x0000000100000000)
  region size 1024K, 2 young (2048K), 2 survivors (2048K)
 Metaspace       used 120476K, capacity 125759K, committed 125992K, reserved 624640K
  class space    used 15634K, capacity 17575K, committed 17624K, reserved 516096K
}
Event: 506.135 GC heap before
{Heap before GC invocations=96 (full 0):
 garbage-first heap   total 260096K, used 247793K [0x0000000080000000, 0x0000000100000000)
  region size 1024K, 12 young (12288K), 2 survivors (2048K)
 Metaspace       used 120476K, capacity 125759K, committed 125992K, reserved 624640K
  class space    used 15634K, capacity 17575K, committed 17624K, reserved 516096K
}
Event: 506.150 GC heap after
{Heap after GC invocations=97 (full 0):
 garbage-first heap   total 260096K, used 231408K [0x0000000080000000, 0x0000000100000000)
  region size 1024K, 1 young (1024K), 1 survivors (1024K)
 Metaspace       used 120476K, capacity 125759K, committed 125992K, reserved 624640K
  class space    used 15634K, capacity 17575K, committed 17624K, reserved 516096K
}
Event: 506.206 GC heap before
{Heap before GC invocations=97 (full 0):
 garbage-first heap   total 260096K, used 241648K [0x0000000080000000, 0x0000000100000000)
  region size 1024K, 12 young (12288K), 1 survivors (1024K)
 Metaspace       used 120476K, capacity 125759K, committed 125992K, reserved 624640K
  class space    used 15634K, capacity 17575K, committed 17624K, reserved 516096K
}
Event: 506.212 GC heap after
{Heap after GC invocations=98 (full 0):
 garbage-first heap   total 260096K, used 231992K [0x0000000080000000, 0x0000000100000000)
  region size 1024K, 2 young (2048K), 2 survivors (2048K)
 Metaspace       used 120476K, capacity 125759K, committed 125992K, reserved 624640K
  class space    used 15634K, capacity 17575K, committed 17624K, reserved 516096K
}
Event: 507.123 GC heap before
{Heap before GC invocations=99 (full 0):
 garbage-first heap   total 260096K, used 241208K [0x0000000080000000, 0x0000000100000000)
  region size 1024K, 12 young (12288K), 2 survivors (2048K)
 Metaspace       used 120512K, capacity 125774K, committed 125992K, reserved 624640K
  class space    used 15637K, capacity 17578K, committed 17624K, reserved 516096K
}
Event: 507.128 GC heap after
{Heap after GC invocations=100 (full 0):
 garbage-first heap   total 260096K, used 232950K [0x0000000080000000, 0x0000000100000000)
  region size 1024K, 2 young (2048K), 2 survivors (2048K)
 Metaspace       used 120512K, capacity 125774K, committed 125992K, reserved 624640K
  class space    used 15637K, capacity 17578K, committed 17624K, reserved 516096K
}
Event: 508.370 GC heap before
{Heap before GC invocations=100 (full 0):
 garbage-first heap   total 260096K, used 242166K [0x0000000080000000, 0x0000000100000000)
  region size 1024K, 12 young (12288K), 2 survivors (2048K)
 Metaspace       used 120734K, capacity 125948K, committed 126120K, reserved 624640K
  class space    used 15669K, capacity 17614K, committed 17752K, reserved 516096K
}
Event: 508.375 GC heap after
{Heap after GC invocations=101 (full 0):
 garbage-first heap   total 260096K, used 233166K [0x0000000080000000, 0x0000000100000000)
  region size 1024K, 2 young (2048K), 2 survivors (2048K)
 Metaspace       used 120734K, capacity 125948K, committed 126120K, reserved 624640K
  class space    used 15669K, capacity 17614K, committed 17752K, reserved 516096K
}
Event: 508.616 GC heap before
{Heap before GC invocations=101 (full 0):
 garbage-first heap   total 260096K, used 243406K [0x0000000080000000, 0x0000000100000000)
  region size 1024K, 12 young (12288K), 2 survivors (2048K)
 Metaspace       used 121071K, capacity 126271K, committed 126632K, reserved 626688K
  class space    used 15697K, capacity 17615K, committed 17752K, reserved 516096K
}
Event: 508.633 GC heap after
{Heap after GC invocations=102 (full 0):
 garbage-first heap   total 260096K, used 234930K [0x0000000080000000, 0x0000000100000000)
  region size 1024K, 2 young (2048K), 2 survivors (2048K)
 Metaspace       used 121071K, capacity 126271K, committed 126632K, reserved 626688K
  class space    used 15697K, capacity 17615K, committed 17752K, reserved 516096K
}
Event: 509.143 GC heap before
{Heap before GC invocations=102 (full 0):
 garbage-first heap   total 260096K, used 245170K [0x0000000080000000, 0x0000000100000000)
  region size 1024K, 12 young (12288K), 2 survivors (2048K)
 Metaspace       used 121337K, capacity 126503K, committed 126632K, reserved 626688K
  class space    used 15733K, capacity 17668K, committed 17752K, reserved 516096K
}
Event: 509.151 GC heap after
{Heap after GC invocations=103 (full 0):
 garbage-first heap   total 260096K, used 236448K [0x0000000080000000, 0x0000000100000000)
  region size 1024K, 2 young (2048K), 2 survivors (2048K)
 Metaspace       used 121337K, capacity 126503K, committed 126632K, reserved 626688K
  class space    used 15733K, capacity 17668K, committed 17752K, reserved 516096K
}
Event: 509.366 GC heap before
{Heap before GC invocations=104 (full 0):
 garbage-first heap   total 260096K, used 245664K [0x0000000080000000, 0x0000000100000000)
  region size 1024K, 12 young (12288K), 2 survivors (2048K)
 Metaspace       used 121641K, capacity 126791K, committed 126888K, reserved 626688K
  class space    used 15774K, capacity 17700K, committed 17752K, reserved 516096K
}
Event: 509.372 GC heap after
{Heap after GC invocations=105 (full 0):
 garbage-first heap   total 260096K, used 238315K [0x0000000080000000, 0x0000000100000000)
  region size 1024K, 2 young (2048K), 2 survivors (2048K)
 Metaspace       used 121641K, capacity 126791K, committed 126888K, reserved 626688K
  class space    used 15774K, capacity 17700K, committed 17752K, reserved 516096K
}

